# JRE version: OpenJDK Runtime Environment (17.0.11) (build 17.0.11+0--11852314)
# Java VM: OpenJDK 64-Bit Server VM (17.0.11+0--11852314, mixed mode, tiered, compressed oops, compressed class ptrs, g1 gc, windows-amd64)
GC Precious Log:
 CPUs: 8 total, 8 available
 Memory: 7974M
 Large Page Support: Disabled
 NUMA Support: Disabled
 Compressed Oops: Enabled (32-bit)
 Heap Region Size: 1M
 Heap Min Capacity: 8M
 Heap Initial Capacity: 126M
 Heap Max Capacity: 2G
 Pre-touch: Disabled
 Parallel Workers: 8
 Concurrent Workers: 2
 Concurrent Refinement Workers: 8
 Periodic GC: Disabled
Heap:
 garbage-first heap   total 401408K, used 231146K [0x0000000080000000, 0x0000000100000000)
  region size 1024K, 7 young (7168K), 7 survivors (7168K)
 Metaspace       used 123852K, committed 124672K, reserved 1179648K
  class space    used 17000K, committed 17408K, reserved 1048576K
GC Heap History (20 events):
Event: 33.893 GC heap after
{Heap after GC invocations=64 (full 0):
 garbage-first heap   total 275456K, used 122079K [0x0000000080000000, 0x0000000100000000)
  region size 1024K, 5 young (5120K), 5 survivors (5120K)
 Metaspace       used 117105K, committed 117888K, reserved 1179648K
  class space    used 16105K, committed 16448K, reserved 1048576K
}
Event: 34.130 GC heap before
{Heap before GC invocations=64 (full 0):
 garbage-first heap   total 275456K, used 241887K [0x0000000080000000, 0x0000000100000000)
  region size 1024K, 122 young (124928K), 5 survivors (5120K)
 Metaspace       used 117120K, committed 117888K, reserved 1179648K
  class space    used 16105K, committed 16448K, reserved 1048576K
}
Event: 34.137 GC heap after
{Heap after GC invocations=65 (full 0):
 garbage-first heap   total 275456K, used 122929K [0x0000000080000000, 0x0000000100000000)
  region size 1024K, 6 young (6144K), 6 survivors (6144K)
 Metaspace       used 117120K, committed 117888K, reserved 1179648K
  class space    used 16105K, committed 16448K, reserved 1048576K
}
Event: 34.405 GC heap before
{Heap before GC invocations=65 (full 0):
 garbage-first heap   total 275456K, used 240689K [0x0000000080000000, 0x0000000100000000)
  region size 1024K, 121 young (123904K), 6 survivors (6144K)
 Metaspace       used 117837K, committed 118592K, reserved 1179648K
  class space    used 16238K, committed 16576K, reserved 1048576K
}
Event: 34.411 GC heap after
{Heap after GC invocations=66 (full 0):
 garbage-first heap   total 330752K, used 123272K [0x0000000080000000, 0x0000000100000000)
  region size 1024K, 6 young (6144K), 6 survivors (6144K)
 Metaspace       used 117837K, committed 118592K, reserved 1179648K
  class space    used 16238K, committed 16576K, reserved 1048576K
}
Event: 35.096 GC heap before
{Heap before GC invocations=66 (full 0):
 garbage-first heap   total 330752K, used 291208K [0x0000000080000000, 0x0000000100000000)
  region size 1024K, 169 young (173056K), 6 survivors (6144K)
 Metaspace       used 119259K, committed 120000K, reserved 1179648K
  class space    used 16442K, committed 16768K, reserved 1048576K
}
Event: 35.109 GC heap after
{Heap after GC invocations=67 (full 0):
 garbage-first heap   total 330752K, used 122300K [0x0000000080000000, 0x0000000100000000)
  region size 1024K, 5 young (5120K), 5 survivors (5120K)
 Metaspace       used 119259K, committed 120000K, reserved 1179648K
  class space    used 16442K, committed 16768K, reserved 1048576K
}
Event: 35.986 GC heap before
{Heap before GC invocations=67 (full 0):
 garbage-first heap   total 330752K, used 277948K [0x0000000080000000, 0x0000000100000000)
  region size 1024K, 147 young (150528K), 5 survivors (5120K)
 Metaspace       used 120105K, committed 120896K, reserved 1179648K
  class space    used 16549K, committed 16896K, reserved 1048576K
}
Event: 35.996 GC heap after
{Heap after GC invocations=68 (full 0):
 garbage-first heap   total 330752K, used 133646K [0x0000000080000000, 0x0000000100000000)
  region size 1024K, 7 young (7168K), 7 survivors (7168K)
 Metaspace       used 120105K, committed 120896K, reserved 1179648K
  class space    used 16549K, committed 16896K, reserved 1048576K
}
Event: 36.110 GC heap before
{Heap before GC invocations=68 (full 0):
 garbage-first heap   total 330752K, used 164366K [0x0000000080000000, 0x0000000100000000)
  region size 1024K, 26 young (26624K), 7 survivors (7168K)
 Metaspace       used 121317K, committed 122176K, reserved 1179648K
  class space    used 16713K, committed 17152K, reserved 1048576K
}
Event: 36.116 GC heap after
{Heap after GC invocations=69 (full 0):
 garbage-first heap   total 330752K, used 145744K [0x0000000080000000, 0x0000000100000000)
  region size 1024K, 11 young (11264K), 11 survivors (11264K)
 Metaspace       used 121317K, committed 122176K, reserved 1179648K
  class space    used 16713K, committed 17152K, reserved 1048576K
}
Event: 36.564 GC heap before
{Heap before GC invocations=69 (full 0):
 garbage-first heap   total 330752K, used 289104K [0x0000000080000000, 0x0000000100000000)
  region size 1024K, 130 young (133120K), 11 survivors (11264K)
 Metaspace       used 122706K, committed 123456K, reserved 1179648K
  class space    used 16879K, committed 17216K, reserved 1048576K
}
Event: 36.596 GC heap after
{Heap after GC invocations=70 (full 0):
 garbage-first heap   total 332800K, used 186039K [0x0000000080000000, 0x0000000100000000)
  region size 1024K, 17 young (17408K), 17 survivors (17408K)
 Metaspace       used 122706K, committed 123456K, reserved 1179648K
  class space    used 16879K, committed 17216K, reserved 1048576K
}
Event: 36.799 GC heap before
{Heap before GC invocations=70 (full 0):
 garbage-first heap   total 332800K, used 262839K [0x0000000080000000, 0x0000000100000000)
  region size 1024K, 93 young (95232K), 17 survivors (17408K)
 Metaspace       used 123259K, committed 124032K, reserved 1179648K
  class space    used 16930K, committed 17280K, reserved 1048576K
}
Event: 36.842 GC heap after
{Heap after GC invocations=71 (full 0):
 garbage-first heap   total 332800K, used 220548K [0x0000000080000000, 0x0000000100000000)
  region size 1024K, 12 young (12288K), 12 survivors (12288K)
 Metaspace       used 123259K, committed 124032K, reserved 1179648K
  class space    used 16930K, committed 17280K, reserved 1048576K
}
Event: 37.233 GC heap before
{Heap before GC invocations=72 (full 0):
 garbage-first heap   total 401408K, used 263556K [0x0000000080000000, 0x0000000100000000)
  region size 1024K, 55 young (56320K), 12 survivors (12288K)
 Metaspace       used 123808K, committed 124672K, reserved 1179648K
  class space    used 17000K, committed 17408K, reserved 1048576K
}
Event: 37.257 GC heap after
{Heap after GC invocations=73 (full 0):
 garbage-first heap   total 401408K, used 231423K [0x0000000080000000, 0x0000000100000000)
  region size 1024K, 7 young (7168K), 7 survivors (7168K)
 Metaspace       used 123808K, committed 124672K, reserved 1179648K
  class space    used 17000K, committed 17408K, reserved 1048576K
}
Event: 37.324 GC heap before
{Heap before GC invocations=73 (full 0):
 garbage-first heap   total 401408K, used 242687K [0x0000000080000000, 0x0000000100000000)
  region size 1024K, 19 young (19456K), 7 survivors (7168K)
 Metaspace       used 123834K, committed 124672K, reserved 1179648K
  class space    used 17000K, committed 17408K, reserved 1048576K
}
Event: 37.333 GC heap after
{Heap after GC invocations=74 (full 0):
 garbage-first heap   total 401408K, used 220979K [0x0000000080000000, 0x0000000100000000)
  region size 1024K, 3 young (3072K), 3 survivors (3072K)
 Metaspace       used 123834K, committed 124672K, reserved 1179648K
  class space    used 17000K, committed 17408K, reserved 1048576K
}
Event: 37.903 GC heap before
{Heap before GC invocations=74 (full 0):
 garbage-first heap   total 401408K, used 306995K [0x0000000080000000, 0x0000000100000000)
  region size 1024K, 82 young (83968K), 3 survivors (3072K)
 Metaspace       used 123852K, committed 124672K, reserved 1179648K
  class space    used 17000K, committed 17408K, reserved 1048576K
}

