# JRE version: OpenJDK Runtime Environment (17.0.11) (build 17.0.11+0--11852314)
# Java VM: OpenJDK 64-Bit Server VM (17.0.11+0--11852314, mixed mode, tiered, compressed oops, compressed class ptrs, g1 gc, windows-amd64)
GC Precious Log:
 CPUs: 8 total, 8 available
 Memory: 7974M
 Large Page Support: Disabled
 NUMA Support: Disabled
 Compressed Oops: Enabled (32-bit)
 Heap Region Size: 1M
 Heap Min Capacity: 8M
 Heap Initial Capacity: 126M
 Heap Max Capacity: 2G
 Pre-touch: Disabled
 Parallel Workers: 8
 Concurrent Workers: 2
 Concurrent Refinement Workers: 8
 Periodic GC: Disabled
Heap:
 garbage-first heap   total 418816K, used 343666K [0x0000000080000000, 0x0000000100000000)
  region size 1024K, 155 young (158720K), 4 survivors (4096K)
 Metaspace       used 166812K, committed 167808K, reserved 1245184K
  class space    used 21722K, committed 22208K, reserved 1048576K
GC Heap History (20 events):
Event: 14.740 GC heap before
{Heap before GC invocations=43 (full 0):
 garbage-first heap   total 184320K, used 145022K [0x0000000080000000, 0x0000000100000000)
  region size 1024K, 47 young (48128K), 1 survivors (1024K)
 Metaspace       used 83953K, committed 84736K, reserved 1179648K
  class space    used 11742K, committed 12096K, reserved 1048576K
}
Event: 14.745 GC heap after
{Heap after GC invocations=44 (full 0):
 garbage-first heap   total 184320K, used 102198K [0x0000000080000000, 0x0000000100000000)
  region size 1024K, 6 young (6144K), 6 survivors (6144K)
 Metaspace       used 83953K, committed 84736K, reserved 1179648K
  class space    used 11742K, committed 12096K, reserved 1048576K
}
Event: 15.392 GC heap before
{Heap before GC invocations=45 (full 0):
 garbage-first heap   total 184320K, used 157494K [0x0000000080000000, 0x0000000100000000)
  region size 1024K, 49 young (50176K), 6 survivors (6144K)
 Metaspace       used 88016K, committed 88768K, reserved 1179648K
  class space    used 12180K, committed 12544K, reserved 1048576K
}
Event: 15.402 GC heap after
{Heap after GC invocations=46 (full 0):
 garbage-first heap   total 184320K, used 117202K [0x0000000080000000, 0x0000000100000000)
  region size 1024K, 5 young (5120K), 5 survivors (5120K)
 Metaspace       used 88016K, committed 88768K, reserved 1179648K
  class space    used 12180K, committed 12544K, reserved 1048576K
}
Event: 15.455 GC heap before
{Heap before GC invocations=46 (full 0):
 garbage-first heap   total 184320K, used 120274K [0x0000000080000000, 0x0000000100000000)
  region size 1024K, 9 young (9216K), 5 survivors (5120K)
 Metaspace       used 88439K, committed 89152K, reserved 1179648K
  class space    used 12205K, committed 12544K, reserved 1048576K
}
Event: 15.461 GC heap after
{Heap after GC invocations=47 (full 0):
 garbage-first heap   total 418816K, used 117711K [0x0000000080000000, 0x0000000100000000)
  region size 1024K, 1 young (1024K), 1 survivors (1024K)
 Metaspace       used 88439K, committed 89152K, reserved 1179648K
  class space    used 12205K, committed 12544K, reserved 1048576K
}
Event: 18.655 GC heap before
{Heap before GC invocations=47 (full 0):
 garbage-first heap   total 418816K, used 302031K [0x0000000080000000, 0x0000000100000000)
  region size 1024K, 180 young (184320K), 1 survivors (1024K)
 Metaspace       used 105753K, committed 106432K, reserved 1179648K
  class space    used 14199K, committed 14528K, reserved 1048576K
}
Event: 18.665 GC heap after
{Heap after GC invocations=48 (full 0):
 garbage-first heap   total 418816K, used 125754K [0x0000000080000000, 0x0000000100000000)
  region size 1024K, 9 young (9216K), 9 survivors (9216K)
 Metaspace       used 105753K, committed 106432K, reserved 1179648K
  class space    used 14199K, committed 14528K, reserved 1048576K
}
Event: 23.642 GC heap before
{Heap before GC invocations=48 (full 0):
 garbage-first heap   total 418816K, used 325434K [0x0000000080000000, 0x0000000100000000)
  region size 1024K, 201 young (205824K), 9 survivors (9216K)
 Metaspace       used 127463K, committed 128256K, reserved 1179648K
  class space    used 16566K, committed 16896K, reserved 1048576K
}
Event: 23.665 GC heap after
{Heap after GC invocations=49 (full 0):
 garbage-first heap   total 418816K, used 138798K [0x0000000080000000, 0x0000000100000000)
  region size 1024K, 19 young (19456K), 19 survivors (19456K)
 Metaspace       used 127463K, committed 128256K, reserved 1179648K
  class space    used 16566K, committed 16896K, reserved 1048576K
}
Event: 28.086 GC heap before
{Heap before GC invocations=49 (full 0):
 garbage-first heap   total 418816K, used 336430K [0x0000000080000000, 0x0000000100000000)
  region size 1024K, 206 young (210944K), 19 survivors (19456K)
 Metaspace       used 137374K, committed 138240K, reserved 1179648K
  class space    used 17835K, committed 18240K, reserved 1048576K
}
Event: 28.107 GC heap after
{Heap after GC invocations=50 (full 0):
 garbage-first heap   total 418816K, used 157104K [0x0000000080000000, 0x0000000100000000)
  region size 1024K, 26 young (26624K), 26 survivors (26624K)
 Metaspace       used 137374K, committed 138240K, reserved 1179648K
  class space    used 17835K, committed 18240K, reserved 1048576K
}
Event: 1673.100 GC heap before
{Heap before GC invocations=50 (full 0):
 garbage-first heap   total 418816K, used 273840K [0x0000000080000000, 0x0000000100000000)
  region size 1024K, 142 young (145408K), 26 survivors (26624K)
 Metaspace       used 141060K, committed 141888K, reserved 1179648K
  class space    used 18182K, committed 18560K, reserved 1048576K
}
Event: 1673.486 GC heap after
{Heap after GC invocations=51 (full 0):
 garbage-first heap   total 418816K, used 167428K [0x0000000080000000, 0x0000000100000000)
  region size 1024K, 10 young (10240K), 10 survivors (10240K)
 Metaspace       used 141060K, committed 141888K, reserved 1179648K
  class space    used 18182K, committed 18560K, reserved 1048576K
}
Event: 1800.226 GC heap before
{Heap before GC invocations=52 (full 0):
 garbage-first heap   total 418816K, used 338436K [0x0000000080000000, 0x0000000100000000)
  region size 1024K, 177 young (181248K), 10 survivors (10240K)
 Metaspace       used 150089K, committed 151104K, reserved 1245184K
  class space    used 19584K, committed 20032K, reserved 1048576K
}
Event: 1800.283 GC heap after
{Heap after GC invocations=53 (full 0):
 garbage-first heap   total 418816K, used 166941K [0x0000000080000000, 0x0000000100000000)
  region size 1024K, 17 young (17408K), 17 survivors (17408K)
 Metaspace       used 150089K, committed 151104K, reserved 1245184K
  class space    used 19584K, committed 20032K, reserved 1048576K
}
Event: 1800.379 GC heap before
{Heap before GC invocations=53 (full 0):
 garbage-first heap   total 418816K, used 170013K [0x0000000080000000, 0x0000000100000000)
  region size 1024K, 20 young (20480K), 17 survivors (17408K)
 Metaspace       used 150420K, committed 151360K, reserved 1245184K
  class space    used 19617K, committed 20032K, reserved 1048576K
}
Event: 1800.472 GC heap after
{Heap after GC invocations=54 (full 0):
 garbage-first heap   total 418816K, used 167558K [0x0000000080000000, 0x0000000100000000)
  region size 1024K, 3 young (3072K), 3 survivors (3072K)
 Metaspace       used 150420K, committed 151360K, reserved 1245184K
  class space    used 19617K, committed 20032K, reserved 1048576K
}
Event: 1800.690 GC heap before
{Heap before GC invocations=54 (full 0):
 garbage-first heap   total 418816K, used 176774K [0x0000000080000000, 0x0000000100000000)
  region size 1024K, 14 young (14336K), 3 survivors (3072K)
 Metaspace       used 150949K, committed 151936K, reserved 1245184K
  class space    used 19664K, committed 20096K, reserved 1048576K
}
Event: 1800.698 GC heap after
{Heap after GC invocations=55 (full 0):
 garbage-first heap   total 418816K, used 168562K [0x0000000080000000, 0x0000000100000000)
  region size 1024K, 4 young (4096K), 4 survivors (4096K)
 Metaspace       used 150949K, committed 151936K, reserved 1245184K
  class space    used 19664K, committed 20096K, reserved 1048576K
}

